\BOOKMARK [0][-]{section*.1}{Contents}{}% 1
\BOOKMARK [0][-]{chapter.1}{Introduction}{}% 2
\BOOKMARK [1][-]{section.1.1}{Motivation}{chapter.1}% 3
\BOOKMARK [1][-]{section.1.2}{Terminology}{chapter.1}% 4
\BOOKMARK [1][-]{section.1.3}{Structure}{chapter.1}% 5
\BOOKMARK [-1][-]{part.1}{Theory}{}% 6
\BOOKMARK [0][-]{chapter.2}{Principles\040of\040rich-text\040editing}{part.1}% 7
\BOOKMARK [1][-]{section.2.1}{Overview}{chapter.2}% 8
\BOOKMARK [1][-]{section.2.2}{Formatting}{chapter.2}% 9
\BOOKMARK [1][-]{section.2.3}{Behavior}{chapter.2}% 10
\BOOKMARK [0][-]{chapter.3}{Text\040editing\040in\040desktop\040environments}{part.1}% 11
\BOOKMARK [1][-]{section.3.1}{Basics\040of\040plain-text\040editing}{chapter.3}% 12
\BOOKMARK [1][-]{section.3.2}{Basics\040of\040rich-text\040editing}{chapter.3}% 13
\BOOKMARK [1][-]{section.3.3}{Libraries\040for\040desktop\040environments}{chapter.3}% 14
\BOOKMARK [0][-]{chapter.4}{Text\040editing\040in\040browser\040environments}{part.1}% 15
\BOOKMARK [1][-]{section.4.1}{Overview}{chapter.4}% 16
\BOOKMARK [1][-]{section.4.2}{Plain-text\040editing}{chapter.4}% 17
\BOOKMARK [1][-]{section.4.3}{Rich-text\040editing}{chapter.4}% 18
\BOOKMARK [1][-]{section.4.4}{HTML\040Editing\040APIs}{chapter.4}% 19
\BOOKMARK [1][-]{section.4.5}{Usage\040of\040HTML\040Editing\040APIs\040for\040rich-text\040editors}{chapter.4}% 20
\BOOKMARK [-1][-]{part.2}{Discussion}{}% 21
\BOOKMARK [0][-]{chapter.5}{Overview}{part.2}% 22
\BOOKMARK [0][-]{chapter.6}{History\040of\040HTML\040editing\040APIs}{part.2}% 23
\BOOKMARK [1][-]{section.6.1}{Browser\040support}{chapter.6}% 24
\BOOKMARK [1][-]{section.6.2}{Emergence\040of\040HTML\040editing\040JavaScript\040libraries}{chapter.6}% 25
\BOOKMARK [1][-]{section.6.3}{Standardization\040of\040HTML\040Editing\040APIs}{chapter.6}% 26
\BOOKMARK [0][-]{chapter.7}{Advantages\040and\040disadvantages}{part.2}% 27
\BOOKMARK [1][-]{section.7.1}{Discussion}{chapter.7}% 28
\BOOKMARK [1][-]{section.7.2}{Advantages\040of\040HTML\040Editing\040APIs}{chapter.7}% 29
\BOOKMARK [1][-]{section.7.3}{Disadvantages\040of\040HTML\040Editing\040APIs}{chapter.7}% 30
\BOOKMARK [1][-]{section.7.4}{Treating\040HTML\040editing\040API\040related\040issues}{chapter.7}% 31
\BOOKMARK [0][-]{chapter.8}{Rich-text\040editing\040without\040editing\040APIs}{part.2}% 32
\BOOKMARK [1][-]{section.8.1}{Alternatives\040to\040HTML\040editing\040APIs}{chapter.8}% 33
\BOOKMARK [1][-]{section.8.2}{Rich-text\040without\040HTML\040editing\040APIs\040in\040practice}{chapter.8}% 34
\BOOKMARK [1][-]{section.8.3}{Advantages\040of\040rich-text\040editing\040without\040editing\040APIs}{chapter.8}% 35
\BOOKMARK [1][-]{section.8.4}{Disadvantages\040of\040rich-text\040editing\040without\040editing\040APIs}{chapter.8}% 36
\BOOKMARK [0][-]{chapter.9}{Conclusion}{part.2}% 37
\BOOKMARK [1][-]{section.9.1}{Conclusion}{chapter.9}% 38
\BOOKMARK [-1][-]{part.3}{Concept}{}% 39
\BOOKMARK [0][-]{chapter.10}{Approaches\040for\040enabling\040rich-text\040editing}{part.3}% 40
\BOOKMARK [1][-]{section.10.1}{Overview}{chapter.10}% 41
\BOOKMARK [1][-]{section.10.2}{Native\040inputs,\040images\040and\040third-party\040plugins}{chapter.10}% 42
\BOOKMARK [1][-]{section.10.3}{Enabling\040editing\040mode\040without\040using\040its\040API}{chapter.10}% 43
\BOOKMARK [1][-]{section.10.4}{Native\040text\040input\040imitation}{chapter.10}% 44
\BOOKMARK [1][-]{section.10.5}{Approaches\040for\040imitating\040native\040components}{chapter.10}% 45
\BOOKMARK [1][-]{section.10.6}{Implementation}{chapter.10}% 46
\BOOKMARK [0][-]{chapter.11}{Software\040design}{part.3}% 47
\BOOKMARK [1][-]{section.11.1}{Implementation\040as\040pure\040library}{chapter.11}% 48
\BOOKMARK [1][-]{section.11.2}{API}{chapter.11}% 49
\BOOKMARK [1][-]{section.11.3}{Distribution}{chapter.11}% 50
\BOOKMARK [0][-]{chapter.12}{Architecture}{part.3}% 51
\BOOKMARK [1][-]{section.12.1}{Model–view–controller}{chapter.12}% 52
\BOOKMARK [1][-]{section.12.2}{Modular\040and\040object-oriented\040programming}{chapter.12}% 53
\BOOKMARK [-1][-]{part.4}{\040Implementation}{}% 54
\BOOKMARK [0][-]{chapter.13}{Implementation}{part.4}% 55
\BOOKMARK [1][-]{section.13.1}{Overview\040XX}{chapter.13}% 56
\BOOKMARK [1][-]{section.13.2}{Technology}{chapter.13}% 57
\BOOKMARK [1][-]{section.13.3}{Base\040class}{chapter.13}% 58
\BOOKMARK [1][-]{section.13.4}{Api}{chapter.13}% 59
\BOOKMARK [1][-]{section.13.5}{Input\040flow}{chapter.13}% 60
\BOOKMARK [1][-]{section.13.6}{Input\040reading}{chapter.13}% 61
\BOOKMARK [1][-]{section.13.7}{Input\040Pipeline}{chapter.13}% 62
\BOOKMARK [1][-]{section.13.8}{Pasting}{chapter.13}% 63
\BOOKMARK [1][-]{section.13.9}{Caret}{chapter.13}% 64
\BOOKMARK [1][-]{section.13.10}{Selection}{chapter.13}% 65
\BOOKMARK [1][-]{section.13.11}{Contents}{chapter.13}% 66
\BOOKMARK [1][-]{section.13.12}{Undo\040Manager}{chapter.13}% 67
\BOOKMARK [1][-]{section.13.13}{Events}{chapter.13}% 68
\BOOKMARK [1][-]{section.13.14}{Utility\040classes}{chapter.13}% 69
\BOOKMARK [1][-]{section.13.15}{Cache}{chapter.13}% 70
\BOOKMARK [1][-]{section.13.16}{Real-time\040collaboration\040with\040Etherpad}{chapter.13}% 71
\BOOKMARK [1][-]{section.13.17}{Extending}{chapter.13}% 72
\BOOKMARK [-1][-]{part.5}{Evaluation}{}% 73
\BOOKMARK [0][-]{section.13.18}{Mobile\040Support}{part.5}% 74
\BOOKMARK [1][-]{section.13.19}{Development\040/\040Meta}{section.13.18}% 75
\BOOKMARK [1][-]{section.13.20}{Outlook}{section.13.18}% 76
\BOOKMARK [0][-]{section*.123}{List\040of\040Figures}{part.5}% 77
\BOOKMARK [0][-]{section*.124}{Listings}{part.5}% 78
\BOOKMARK [0][-]{section*.126}{Bibliography}{part.5}% 79
\BOOKMARK [-1][-]{part.6}{Appendix}{}% 80
